Determining if the pthread_create exist failed with the following output:
Change Dir: /home/manuel/Medieninformatik/Programmiersprachen/Aufgaben/Aufgabenblatt8/raytracer/build/CMakeFiles/CMakeTmp

Run Build Command:/usr/bin/make "cmTryCompileExec3842965231/fast"
/usr/bin/make -f CMakeFiles/cmTryCompileExec3842965231.dir/build.make CMakeFiles/cmTryCompileExec3842965231.dir/build
make[1]: Entering directory `/home/manuel/Medieninformatik/Programmiersprachen/Aufgaben/Aufgabenblatt8/raytracer/build/CMakeFiles/CMakeTmp'
/usr/bin/cmake -E cmake_progress_report /home/manuel/Medieninformatik/Programmiersprachen/Aufgaben/Aufgabenblatt8/raytracer/build/CMakeFiles/CMakeTmp/CMakeFiles 1
Building C object CMakeFiles/cmTryCompileExec3842965231.dir/CheckSymbolExists.c.o
/usr/bin/cc    -o CMakeFiles/cmTryCompileExec3842965231.dir/CheckSymbolExists.c.o   -c /home/manuel/Medieninformatik/Programmiersprachen/Aufgaben/Aufgabenblatt8/raytracer/build/CMakeFiles/CMakeTmp/CheckSymbolExists.c
Linking C executable cmTryCompileExec3842965231
/usr/bin/cmake -E cmake_link_script CMakeFiles/cmTryCompileExec3842965231.dir/link.txt --verbose=1
/usr/bin/cc       CMakeFiles/cmTryCompileExec3842965231.dir/CheckSymbolExists.c.o  -o cmTryCompileExec3842965231 -rdynamic 
CMakeFiles/cmTryCompileExec3842965231.dir/CheckSymbolExists.c.o: In function `main':
CheckSymbolExists.c:(.text+0x16): undefined reference to `pthread_create'
collect2: error: ld returned 1 exit status
make[1]: *** [cmTryCompileExec3842965231] Error 1
make[1]: Leaving directory `/home/manuel/Medieninformatik/Programmiersprachen/Aufgaben/Aufgabenblatt8/raytracer/build/CMakeFiles/CMakeTmp'
make: *** [cmTryCompileExec3842965231/fast] Error 2

File /home/manuel/Medieninformatik/Programmiersprachen/Aufgaben/Aufgabenblatt8/raytracer/build/CMakeFiles/CMakeTmp/CheckSymbolExists.c:
/* */
#include <pthread.h>

int main(int argc, char** argv)
{
  (void)argv;
#ifndef pthread_create
  return ((int*)(&pthread_create))[argc];
#else
  (void)argc;
  return 0;
#endif
}

Determining if the function pthread_create exists in the pthreads failed with the following output:
Change Dir: /home/manuel/Medieninformatik/Programmiersprachen/Aufgaben/Aufgabenblatt8/raytracer/build/CMakeFiles/CMakeTmp

Run Build Command:/usr/bin/make "cmTryCompileExec2913659136/fast"
/usr/bin/make -f CMakeFiles/cmTryCompileExec2913659136.dir/build.make CMakeFiles/cmTryCompileExec2913659136.dir/build
make[1]: Entering directory `/home/manuel/Medieninformatik/Programmiersprachen/Aufgaben/Aufgabenblatt8/raytracer/build/CMakeFiles/CMakeTmp'
/usr/bin/cmake -E cmake_progress_report /home/manuel/Medieninformatik/Programmiersprachen/Aufgaben/Aufgabenblatt8/raytracer/build/CMakeFiles/CMakeTmp/CMakeFiles 1
Building C object CMakeFiles/cmTryCompileExec2913659136.dir/CheckFunctionExists.c.o
/usr/bin/cc   -DCHECK_FUNCTION_EXISTS=pthread_create   -o CMakeFiles/cmTryCompileExec2913659136.dir/CheckFunctionExists.c.o   -c /usr/share/cmake-2.8/Modules/CheckFunctionExists.c
Linking C executable cmTryCompileExec2913659136
/usr/bin/cmake -E cmake_link_script CMakeFiles/cmTryCompileExec2913659136.dir/link.txt --verbose=1
/usr/bin/cc   -DCHECK_FUNCTION_EXISTS=pthread_create    CMakeFiles/cmTryCompileExec2913659136.dir/CheckFunctionExists.c.o  -o cmTryCompileExec2913659136 -rdynamic -lpthreads 
/usr/bin/ld: cannot find -lpthreads
collect2: error: ld returned 1 exit status
make[1]: *** [cmTryCompileExec2913659136] Error 1
make[1]: Leaving directory `/home/manuel/Medieninformatik/Programmiersprachen/Aufgaben/Aufgabenblatt8/raytracer/build/CMakeFiles/CMakeTmp'
make: *** [cmTryCompileExec2913659136/fast] Error 2


Determining if the function glXGetProcAddressEXT exists failed with the following output:
Change Dir: /home/manuel/Medieninformatik/Programmiersprachen/Aufgaben/Aufgabenblatt8/raytracer/build/CMakeFiles/CMakeTmp

Run Build Command:/usr/bin/make "cmTryCompileExec2272574226/fast"
/usr/bin/make -f CMakeFiles/cmTryCompileExec2272574226.dir/build.make CMakeFiles/cmTryCompileExec2272574226.dir/build
make[1]: Entering directory `/home/manuel/Medieninformatik/Programmiersprachen/Aufgaben/Aufgabenblatt8/raytracer/build/CMakeFiles/CMakeTmp'
/usr/bin/cmake -E cmake_progress_report /home/manuel/Medieninformatik/Programmiersprachen/Aufgaben/Aufgabenblatt8/raytracer/build/CMakeFiles/CMakeTmp/CMakeFiles 1
Building C object CMakeFiles/cmTryCompileExec2272574226.dir/CheckFunctionExists.c.o
/usr/bin/cc   -DCHECK_FUNCTION_EXISTS=glXGetProcAddressEXT   -o CMakeFiles/cmTryCompileExec2272574226.dir/CheckFunctionExists.c.o   -c /usr/share/cmake-2.8/Modules/CheckFunctionExists.c
Linking C executable cmTryCompileExec2272574226
/usr/bin/cmake -E cmake_link_script CMakeFiles/cmTryCompileExec2272574226.dir/link.txt --verbose=1
/usr/bin/cc   -DCHECK_FUNCTION_EXISTS=glXGetProcAddressEXT    CMakeFiles/cmTryCompileExec2272574226.dir/CheckFunctionExists.c.o  -o cmTryCompileExec2272574226 -rdynamic -lGL 
CMakeFiles/cmTryCompileExec2272574226.dir/CheckFunctionExists.c.o: In function `main':
CheckFunctionExists.c:(.text+0x15): undefined reference to `glXGetProcAddressEXT'
collect2: error: ld returned 1 exit status
make[1]: *** [cmTryCompileExec2272574226] Error 1
make[1]: Leaving directory `/home/manuel/Medieninformatik/Programmiersprachen/Aufgaben/Aufgabenblatt8/raytracer/build/CMakeFiles/CMakeTmp'
make: *** [cmTryCompileExec2272574226/fast] Error 2


